{
  "RSpec": {
    "coverage": {
      "/Users/kavitak/oyster_card/spec/journey_spec.rb": [
        1,
        null,
        1,
        4,
        3,
        null,
        null,
        null,
        null,
        null,
        null,
        null,
        null,
        1,
        1,
        null,
        1,
        1,
        1,
        1,
        null,
        null,
        null,
        1,
        3,
        null,
        1,
        1,
        null,
        null,
        1,
        1,
        null,
        null,
        null,
        1,
        1,
        1,
        null,
        null,
        1,
        1,
        1,
        null,
        null,
        null,
        null
      ],
      "/Users/kavitak/oyster_card/lib/journey.rb": [
        1,
        null,
        1,
        null,
        1,
        1,
        null,
        1,
        13,
        13,
        null,
        null,
        1,
        9,
        5,
        null,
        null,
        1,
        8,
        null,
        null,
        1,
        null,
        null,
        1,
        9,
        null,
        null,
        null
      ],
      "/Users/kavitak/oyster_card/spec/journeylog_spec.rb": [
        1,
        null,
        1,
        null,
        null
      ],
      "/Users/kavitak/oyster_card/lib/journeylog.rb": [
        1,
        null,
        1,
        null,
        1,
        11,
        11,
        11,
        null,
        null,
        1,
        null,
        8,
        null,
        null,
        1,
        6,
        6,
        null,
        null,
        1,
        2,
        null,
        null,
        1,
        6,
        null,
        null,
        1,
        5,
        null,
        null,
        null,
        null,
        null,
        null,
        null,
        null,
        null
      ],
      "/Users/kavitak/oyster_card/spec/oystercard_spec.rb": [
        1,
        null,
        1,
        8,
        6,
        1,
        10,
        3,
        null,
        1,
        1,
        null,
        null,
        1,
        1,
        null,
        null,
        null,
        1,
        null,
        1,
        1,
        1,
        1,
        null,
        null,
        1,
        2,
        null,
        null,
        null,
        1,
        null,
        1,
        1,
        1,
        null,
        null,
        1,
        2,
        null,
        null,
        1,
        1,
        4,
        null,
        null,
        null,
        1,
        5,
        null,
        1,
        1,
        1,
        null,
        null,
        1,
        4,
        null,
        null,
        1,
        1,
        1,
        null,
        null,
        1,
        1,
        4,
        null,
        null,
        null,
        null,
        null
      ],
      "/Users/kavitak/oyster_card/lib/oystercard.rb": [
        1,
        1,
        1,
        null,
        1,
        null,
        1,
        1,
        null,
        1,
        1,
        null,
        1,
        11,
        11,
        null,
        null,
        1,
        2,
        1,
        null,
        null,
        1,
        8,
        7,
        7,
        null,
        null,
        1,
        5,
        1,
        null,
        5,
        5,
        5,
        null,
        null,
        1,
        null,
        1,
        8,
        null,
        null,
        null,
        1,
        6,
        null,
        null,
        1,
        1,
        1,
        null,
        null,
        null,
        null
      ],
      "/Users/kavitak/oyster_card/lib/station.rb": [
        1,
        null,
        1,
        null,
        1,
        2,
        2,
        null,
        null
      ],
      "/Users/kavitak/oyster_card/spec/station_spec.rb": [
        1,
        null,
        1,
        3,
        null,
        1,
        1,
        null,
        null,
        1,
        1,
        null,
        null,
        null
      ]
    },
    "timestamp": 1495199976
  }
}
